[debug] [2018-10-05T13:38:30.788Z] ----------------------------------------------------------------------
[debug] [2018-10-05T13:38:30.791Z] Command:       C:\Program Files\nodejs\node.exe C:\Users\Jacob\AppData\Roaming\npm\node_modules\firebase-tools\bin\firebase serve
[debug] [2018-10-05T13:38:30.791Z] CLI Version:   4.0.2
[debug] [2018-10-05T13:38:30.791Z] Platform:      win32
[debug] [2018-10-05T13:38:30.791Z] Node Version:  v10.6.0
[debug] [2018-10-05T13:38:30.792Z] Time:          Fri Oct 05 2018 21:38:30 GMT+0800 (Singapore Standard Time)
[debug] [2018-10-05T13:38:30.792Z] ----------------------------------------------------------------------
[debug] 
[debug] [2018-10-05T13:38:30.800Z] > command requires scopes: ["email","openid","https://www.googleapis.com/auth/cloudplatformprojects.readonly","https://www.googleapis.com/auth/firebase","https://www.googleapis.com/auth/cloud-platform"]
[debug] [2018-10-05T13:38:30.801Z] > authorizing via signed-in user
[debug] [2018-10-05T13:38:30.802Z] > refreshing access token with scopes: ["email","https://www.googleapis.com/auth/cloud-platform","https://www.googleapis.com/auth/cloudplatformprojects.readonly","https://www.googleapis.com/auth/firebase","openid"]
[debug] [2018-10-05T13:38:30.802Z] >>> HTTP REQUEST POST https://www.googleapis.com/oauth2/v3/token  
 { refresh_token: '1/3_6lR4-CaCX-glRFG-n5e5MHHmF1PCA2mffHZ9V-mNM',
  client_id:
   '563584335869-fgrhgmd47bqnekij5i8b5pr03ho849e6.apps.googleusercontent.com',
  client_secret: 'j9iVZfS8kkCEFUPaAeJV0sAi',
  grant_type: 'refresh_token',
  scope:
   'email https://www.googleapis.com/auth/cloud-platform https://www.googleapis.com/auth/cloudplatformprojects.readonly https://www.googleapis.com/auth/firebase openid' } 
 Fri Oct 05 2018 21:38:30 GMT+0800 (Singapore Standard Time)
[debug] [2018-10-05T13:38:30.938Z] <<< HTTP RESPONSE 200
[debug] [2018-10-05T13:38:30.942Z] >>> HTTP REQUEST GET https://admin.firebase.com/v1/projects/fir-weaver-pwa-app  
  
 Fri Oct 05 2018 21:38:30 GMT+0800 (Singapore Standard Time)
[debug] [2018-10-05T13:38:31.911Z] <<< HTTP RESPONSE 200
[debug] [2018-10-05T13:38:31.912Z] >>> HTTP REQUEST GET https://admin.firebase.com/v1/database/fir-weaver-pwa-app/tokens  
  
 Fri Oct 05 2018 21:38:31 GMT+0800 (Singapore Standard Time)
[debug] [2018-10-05T13:38:32.640Z] <<< HTTP RESPONSE 200
[debug] [2018-10-05T13:38:32.641Z] >>> HTTP REQUEST GET https://cloudresourcemanager.googleapis.com/v1/projects/fir-weaver-pwa-app  
  
 Fri Oct 05 2018 21:38:32 GMT+0800 (Singapore Standard Time)
[debug] [2018-10-05T13:38:33.900Z] <<< HTTP RESPONSE 200
[info] 
[info] === Serving from 'C:\_Projects\angularjs-with-firebase'...
[info] 
[debug] [2018-10-05T13:38:33.904Z] >>> HTTP REQUEST GET https://mobilesdk-pa.googleapis.com/v1/projects/381435042864/clients/_:getWebAppConfig  
  
 Fri Oct 05 2018 21:38:33 GMT+0800 (Singapore Standard Time)
[debug] [2018-10-05T13:38:34.395Z] <<< HTTP RESPONSE 200
[info] i  hosting: Serving hosting files from: app
[info] +  hosting: Local server: http://localhost:5000

